<?xml version="1.0" encoding="UTF-8"?>
<testsuite name="JobSearch Test"
           tests="3"
           failures="0"
           errors="0"
           skipped="0"
           time="4.908">
  <properties />
  
  
            <testcase name="aColumbianNationalComingToTheUKToJoinAPartnerForALongStayTheyDoHaveAnArticle10Or20Card" time="1.608" classname="gov.uk.check.visa.testsuite.VisaConfirmationTest" />
                <testcase name="aChileanComingToTheUKForWorkAndPlansOnStayingForLongerThanSixMonths" time="2.184" classname="gov.uk.check.visa.testsuite.VisaConfirmationTest" />
                <testcase name="anAustralianComingToUKForTourism" time="1.116" classname="gov.uk.check.visa.testsuite.VisaConfirmationTest" />
      
</testsuite>
